[16860:19140:0910/123804.107:WARNING:chrome_main_delegate.cc(596)] This is Chrome version 116.0.5845.141 (not a warning)
[16860:19140:0910/123804.265:INFO:chrome_browser_cloud_management_controller.cc(168)] Starting CBCM Controller Initialization
[16860:19140:0910/123804.265:INFO:chrome_browser_cloud_management_controller.cc(196)] No machine level policy manager exists.
[16860:19140:0910/123808.863:INFO:CONSOLE(0)] "ResizeObserver loop completed with undelivered notifications.", source: https://twitter.com/settings/explore/location (0)
[16860:19140:0910/123809.120:INFO:CONSOLE(0)] "ResizeObserver loop completed with undelivered notifications.", source: https://twitter.com/settings/explore/location (0)
[16860:19140:0910/123809.160:INFO:CONSOLE(0)] "ResizeObserver loop completed with undelivered notifications.", source: https://twitter.com/settings/explore/location (0)
[16860:19140:0910/123809.239:INFO:CONSOLE(0)] "ResizeObserver loop completed with undelivered notifications.", source: https://twitter.com/settings/explore/location (0)
[16860:19140:0910/123809.261:INFO:CONSOLE(0)] "ResizeObserver loop completed with undelivered notifications.", source: https://twitter.com/settings/explore/location (0)
[16860:19140:0910/123809.325:INFO:CONSOLE(0)] "ResizeObserver loop completed with undelivered notifications.", source: https://twitter.com/settings/explore/location (0)
[16860:19140:0910/123809.636:INFO:CONSOLE(0)] "ResizeObserver loop completed with undelivered notifications.", source: https://twitter.com/settings/explore/location (0)
[16860:19140:0910/123809.668:INFO:CONSOLE(0)] "ResizeObserver loop completed with undelivered notifications.", source: https://twitter.com/settings/explore/location (0)
[16860:19140:0910/123809.692:INFO:CONSOLE(0)] "ResizeObserver loop completed with undelivered notifications.", source: https://twitter.com/settings/explore/location (0)
[16860:19140:0910/123809.708:INFO:CONSOLE(0)] "ResizeObserver loop completed with undelivered notifications.", source: https://twitter.com/settings/explore/location (0)
[16860:19140:0910/123809.712:INFO:CONSOLE(0)] "ResizeObserver loop completed with undelivered notifications.", source: https://twitter.com/settings/explore/location (0)
[16860:19140:0910/123809.764:INFO:CONSOLE(0)] "ResizeObserver loop completed with undelivered notifications.", source: https://twitter.com/settings/explore/location (0)
[16860:19140:0910/123809.780:INFO:CONSOLE(0)] "ResizeObserver loop completed with undelivered notifications.", source: https://twitter.com/settings/explore/location (0)
[16860:19140:0910/123809.796:INFO:CONSOLE(0)] "ResizeObserver loop completed with undelivered notifications.", source: https://twitter.com/settings/explore/location (0)
[16860:19140:0910/123809.809:INFO:CONSOLE(0)] "ResizeObserver loop completed with undelivered notifications.", source: https://twitter.com/settings/explore/location (0)
[16860:19140:0910/123811.252:INFO:CONSOLE(0)] "ResizeObserver loop completed with undelivered notifications.", source: https://twitter.com/settings/explore/location (0)
[16860:19140:0910/123811.268:INFO:CONSOLE(0)] "ResizeObserver loop completed with undelivered notifications.", source: https://twitter.com/settings/explore/location (0)
[16860:19140:0910/123811.276:INFO:CONSOLE(0)] "ResizeObserver loop completed with undelivered notifications.", source: https://twitter.com/settings/explore/location (0)
[16860:19140:0910/123811.293:INFO:CONSOLE(0)] "ResizeObserver loop completed with undelivered notifications.", source: https://twitter.com/settings/explore/location (0)
[16860:19140:0910/123811.310:INFO:CONSOLE(0)] "ResizeObserver loop completed with undelivered notifications.", source: https://twitter.com/settings/explore/location (0)
[16860:19140:0910/123811.327:INFO:CONSOLE(0)] "ResizeObserver loop completed with undelivered notifications.", source: https://twitter.com/settings/explore/location (0)
[16860:19140:0910/123811.343:INFO:CONSOLE(0)] "ResizeObserver loop completed with undelivered notifications.", source: https://twitter.com/settings/explore/location (0)
[16860:19140:0910/123811.379:INFO:CONSOLE(0)] "ResizeObserver loop completed with undelivered notifications.", source: https://twitter.com/settings/explore/location (0)
[16860:19140:0910/123811.400:INFO:CONSOLE(0)] "ResizeObserver loop completed with undelivered notifications.", source: https://twitter.com/settings/explore/location (0)
[16860:19140:0910/123811.408:INFO:CONSOLE(0)] "ResizeObserver loop completed with undelivered notifications.", source: https://twitter.com/settings/explore/location (0)
[16860:19140:0910/123811.425:INFO:CONSOLE(0)] "ResizeObserver loop completed with undelivered notifications.", source: https://twitter.com/settings/explore/location (0)
[16860:19140:0910/123811.441:INFO:CONSOLE(0)] "ResizeObserver loop completed with undelivered notifications.", source: https://twitter.com/settings/explore/location (0)
[16860:19140:0910/123811.466:INFO:CONSOLE(0)] "ResizeObserver loop completed with undelivered notifications.", source: https://twitter.com/settings/explore/location (0)
[16860:19140:0910/123811.475:INFO:CONSOLE(0)] "ResizeObserver loop completed with undelivered notifications.", source: https://twitter.com/settings/explore/location (0)
[16860:19140:0910/123811.491:INFO:CONSOLE(0)] "ResizeObserver loop completed with undelivered notifications.", source: https://twitter.com/settings/explore/location (0)
[16860:19140:0910/123811.515:INFO:CONSOLE(0)] "ResizeObserver loop completed with undelivered notifications.", source: https://twitter.com/settings/explore/location (0)
[16860:19140:0910/123811.525:INFO:CONSOLE(0)] "ResizeObserver loop completed with undelivered notifications.", source: https://twitter.com/settings/explore/location (0)
[16860:19140:0910/123811.542:INFO:CONSOLE(0)] "ResizeObserver loop completed with undelivered notifications.", source: https://twitter.com/settings/explore/location (0)
[16860:19140:0910/123811.615:INFO:CONSOLE(0)] "ResizeObserver loop completed with undelivered notifications.", source: https://twitter.com/settings/explore/location (0)
[16860:19140:0910/123811.649:INFO:CONSOLE(0)] "ResizeObserver loop completed with undelivered notifications.", source: https://twitter.com/settings/explore/location (0)
[16860:19140:0910/123811.689:INFO:CONSOLE(0)] "ResizeObserver loop completed with undelivered notifications.", source: https://twitter.com/settings/explore/location (0)
[16860:19140:0910/123811.732:INFO:CONSOLE(0)] "ResizeObserver loop completed with undelivered notifications.", source: https://twitter.com/settings/explore/location (0)
[16860:19140:0910/123811.772:INFO:CONSOLE(0)] "ResizeObserver loop completed with undelivered notifications.", source: https://twitter.com/settings/explore/location (0)
[16860:19140:0910/123811.815:INFO:CONSOLE(0)] "ResizeObserver loop completed with undelivered notifications.", source: https://twitter.com/settings/explore/location (0)
[16860:19140:0910/123811.871:INFO:CONSOLE(0)] "ResizeObserver loop completed with undelivered notifications.", source: https://twitter.com/settings/explore/location (0)
[16860:19140:0910/123811.931:INFO:CONSOLE(0)] "ResizeObserver loop completed with undelivered notifications.", source: https://twitter.com/settings/explore/location (0)
[16860:19140:0910/123811.981:INFO:CONSOLE(0)] "ResizeObserver loop completed with undelivered notifications.", source: https://twitter.com/settings/explore/location (0)
[16860:19140:0910/123812.031:INFO:CONSOLE(0)] "ResizeObserver loop completed with undelivered notifications.", source: https://twitter.com/settings/explore/location (0)
[16860:19140:0910/123812.074:INFO:CONSOLE(0)] "ResizeObserver loop completed with undelivered notifications.", source: https://twitter.com/settings/explore/location (0)
[16860:19140:0910/123812.123:INFO:CONSOLE(0)] "ResizeObserver loop completed with undelivered notifications.", source: https://twitter.com/settings/explore/location (0)
[16860:19140:0910/123812.171:INFO:CONSOLE(0)] "ResizeObserver loop completed with undelivered notifications.", source: https://twitter.com/settings/explore/location (0)
[16860:19140:0910/123816.401:INFO:CONSOLE(0)] "ResizeObserver loop completed with undelivered notifications.", source: https://twitter.com/settings/explore/location (0)
[16860:19140:0910/123816.410:INFO:CONSOLE(0)] "ResizeObserver loop completed with undelivered notifications.", source: https://twitter.com/settings/explore/location (0)
[16860:19140:0910/123816.424:INFO:CONSOLE(0)] "ResizeObserver loop completed with undelivered notifications.", source: https://twitter.com/settings/explore/location (0)
[16860:19140:0910/123816.441:INFO:CONSOLE(0)] "ResizeObserver loop completed with undelivered notifications.", source: https://twitter.com/settings/explore/location (0)
[16860:19140:0910/123816.672:INFO:CONSOLE(0)] "ResizeObserver loop completed with undelivered notifications.", source: https://twitter.com/settings/explore/location (0)
[16860:19140:0910/123816.817:INFO:CONSOLE(0)] "ResizeObserver loop completed with undelivered notifications.", source: https://twitter.com/settings/explore/location (0)
[16860:19140:0910/123816.839:INFO:CONSOLE(0)] "ResizeObserver loop completed with undelivered notifications.", source: https://twitter.com/settings/explore/location (0)
[16860:19140:0910/123816.855:INFO:CONSOLE(0)] "ResizeObserver loop completed with undelivered notifications.", source: https://twitter.com/settings/explore/location (0)
[16860:19140:0910/123816.872:INFO:CONSOLE(0)] "ResizeObserver loop completed with undelivered notifications.", source: https://twitter.com/settings/explore/location (0)
[16860:19140:0910/123816.891:INFO:CONSOLE(0)] "ResizeObserver loop completed with undelivered notifications.", source: https://twitter.com/settings/explore/location (0)
[16860:19140:0910/123816.914:INFO:CONSOLE(0)] "ResizeObserver loop completed with undelivered notifications.", source: https://twitter.com/settings/explore/location (0)
[16860:19140:0910/123816.995:INFO:CONSOLE(0)] "ResizeObserver loop completed with undelivered notifications.", source: https://twitter.com/settings/explore/location (0)
[16860:19140:0910/123817.030:INFO:CONSOLE(0)] "ResizeObserver loop completed with undelivered notifications.", source: https://twitter.com/settings/explore/location (0)
[16860:19140:0910/123817.063:INFO:CONSOLE(0)] "ResizeObserver loop completed with undelivered notifications.", source: https://twitter.com/settings/explore/location (0)
[16860:19140:0910/123817.096:INFO:CONSOLE(0)] "ResizeObserver loop completed with undelivered notifications.", source: https://twitter.com/settings/explore/location (0)
[16860:19140:0910/123817.131:INFO:CONSOLE(0)] "ResizeObserver loop completed with undelivered notifications.", source: https://twitter.com/settings/explore/location (0)
[16860:19140:0910/123817.163:INFO:CONSOLE(0)] "ResizeObserver loop completed with undelivered notifications.", source: https://twitter.com/settings/explore/location (0)
[16860:19140:0910/123817.196:INFO:CONSOLE(0)] "ResizeObserver loop completed with undelivered notifications.", source: https://twitter.com/settings/explore/location (0)
[16860:19140:0910/123817.237:INFO:CONSOLE(0)] "ResizeObserver loop completed with undelivered notifications.", source: https://twitter.com/settings/explore/location (0)
[16860:19140:0910/123817.263:INFO:CONSOLE(0)] "ResizeObserver loop completed with undelivered notifications.", source: https://twitter.com/settings/explore/location (0)
[16860:19140:0910/123817.279:INFO:CONSOLE(0)] "ResizeObserver loop completed with undelivered notifications.", source: https://twitter.com/settings/explore/location (0)
[16860:19140:0910/123817.297:INFO:CONSOLE(0)] "ResizeObserver loop completed with undelivered notifications.", source: https://twitter.com/settings/explore/location (0)
[16860:19140:0910/123817.313:INFO:CONSOLE(0)] "ResizeObserver loop completed with undelivered notifications.", source: https://twitter.com/settings/explore/location (0)
[16860:19140:0910/123817.328:INFO:CONSOLE(0)] "ResizeObserver loop completed with undelivered notifications.", source: https://twitter.com/settings/explore/location (0)
[16860:19140:0910/123817.341:INFO:CONSOLE(0)] "ResizeObserver loop completed with undelivered notifications.", source: https://twitter.com/settings/explore/location (0)
[16860:19140:0910/123817.357:INFO:CONSOLE(0)] "ResizeObserver loop completed with undelivered notifications.", source: https://twitter.com/settings/explore/location (0)
[16860:19140:0910/123817.377:INFO:CONSOLE(0)] "ResizeObserver loop completed with undelivered notifications.", source: https://twitter.com/settings/explore/location (0)
[16860:19140:0910/123817.392:INFO:CONSOLE(0)] "ResizeObserver loop completed with undelivered notifications.", source: https://twitter.com/settings/explore/location (0)
[16860:19140:0910/123817.524:INFO:CONSOLE(0)] "ResizeObserver loop completed with undelivered notifications.", source: https://twitter.com/settings/explore/location (0)
[16860:19140:0910/123817.565:INFO:CONSOLE(0)] "ResizeObserver loop completed with undelivered notifications.", source: https://twitter.com/settings/explore/location (0)
[16860:19140:0910/123817.605:INFO:CONSOLE(0)] "ResizeObserver loop completed with undelivered notifications.", source: https://twitter.com/settings/explore/location (0)
[16860:19140:0910/123817.646:INFO:CONSOLE(0)] "ResizeObserver loop completed with undelivered notifications.", source: https://twitter.com/settings/explore/location (0)
[16860:19140:0910/123817.686:INFO:CONSOLE(0)] "ResizeObserver loop completed with undelivered notifications.", source: https://twitter.com/settings/explore/location (0)
[16860:19140:0910/123817.725:INFO:CONSOLE(0)] "ResizeObserver loop completed with undelivered notifications.", source: https://twitter.com/settings/explore/location (0)
[16860:19140:0910/123824.490:WARNING:pref_notifier_impl.cc(41)] Pref observer for media_router.cast_allow_all_ips found at shutdown.
