[14326:14326:0922/172212.838613:WARNING:chrome_main_delegate.cc(594)] This is Chrome version 115.0.5790.102 (not a warning)
[14326:14326:0922/172212.913471:INFO:chrome_browser_cloud_management_controller.cc(167)] Starting CBCM Controller Initialization
[14326:14326:0922/172212.913492:INFO:chrome_browser_cloud_management_controller.cc(195)] No machine level policy manager exists.
[14374:7:0922/172212.921968:WARNING:crashpad_client_linux.cc(364)] prctl: Invalid argument (22)
[14369:14369:0922/172212.945884:WARNING:sandbox_linux.cc(393)] InitializeSandbox() called with multiple threads in process gpu-process.
[14369:14369:0922/172212.952670:WARNING:gpu_memory_buffer_support_x11.cc(49)] dri3 extension not supported.
[14462:13:0922/172212.979801:WARNING:crashpad_client_linux.cc(364)] prctl: Invalid argument (22)
[14466:14:0922/172212.981650:WARNING:crashpad_client_linux.cc(364)] prctl: Invalid argument (22)
[14326:14326:0922/172212.989578:WARNING:bluez_dbus_manager.cc(247)] Floss manager not present, cannot set Floss enable/disable.
[14326:14326:0922/172212.990044:ERROR:object_proxy.cc(590)] Failed to call method: org.freedesktop.portal.Settings.Read: object_path= /org/freedesktop/portal/desktop: org.freedesktop.DBus.Error.ServiceUnknown: The name org.freedesktop.portal.Desktop was not provided by any .service files
[14466:27:0922/172213.035103:ERROR:command_buffer_proxy_impl.cc(128)] ContextResult::kTransientFailure: Failed to send GpuControl.CreateCommandBuffer.
[14508:29:0922/172213.124053:WARNING:crashpad_client_linux.cc(364)] prctl: Invalid argument (22)
[14519:38:0922/172213.133988:WARNING:crashpad_client_linux.cc(364)] prctl: Invalid argument (22)
[14532:49:0922/172213.355150:WARNING:crashpad_client_linux.cc(364)] prctl: Invalid argument (22)
[14539:54:0922/172213.415322:WARNING:crashpad_client_linux.cc(364)] prctl: Invalid argument (22)
[14462:67:0922/172214.136257:INFO:peer_connection_dependency_factory.cc(629)] Running WebRTC with a combined Network and Worker thread.
[14326:14326:0922/172214.790942:INFO:CONSOLE(0)] "ResizeObserver loop completed with undelivered notifications.", source: https://twitter.com/settings/explore/location (0)
[14326:14326:0922/172214.797356:INFO:CONSOLE(0)] "ResizeObserver loop completed with undelivered notifications.", source: https://twitter.com/settings/explore/location (0)
[14326:14326:0922/172214.835792:INFO:CONSOLE(0)] "ResizeObserver loop completed with undelivered notifications.", source: https://twitter.com/settings/explore/location (0)
[14326:14326:0922/172214.852172:INFO:CONSOLE(0)] "ResizeObserver loop completed with undelivered notifications.", source: https://twitter.com/settings/explore/location (0)
[14326:14326:0922/172214.869554:INFO:CONSOLE(0)] "ResizeObserver loop completed with undelivered notifications.", source: https://twitter.com/settings/explore/location (0)
[14326:14326:0922/172214.886490:INFO:CONSOLE(0)] "ResizeObserver loop completed with undelivered notifications.", source: https://twitter.com/settings/explore/location (0)
[14326:14326:0922/172214.902905:INFO:CONSOLE(0)] "ResizeObserver loop completed with undelivered notifications.", source: https://twitter.com/settings/explore/location (0)
[14326:14326:0922/172214.960350:INFO:CONSOLE(0)] "ResizeObserver loop completed with undelivered notifications.", source: https://twitter.com/settings/explore/location (0)
[14326:14326:0922/172215.245254:INFO:CONSOLE(0)] "ResizeObserver loop completed with undelivered notifications.", source: https://twitter.com/settings/explore/location (0)
[14326:14326:0922/172215.262963:INFO:CONSOLE(0)] "ResizeObserver loop completed with undelivered notifications.", source: https://twitter.com/settings/explore/location (0)
[14326:14326:0922/172215.277270:INFO:CONSOLE(0)] "ResizeObserver loop completed with undelivered notifications.", source: https://twitter.com/settings/explore/location (0)
[14326:14326:0922/172215.293047:INFO:CONSOLE(0)] "ResizeObserver loop completed with undelivered notifications.", source: https://twitter.com/settings/explore/location (0)
[14326:14326:0922/172215.309215:INFO:CONSOLE(0)] "ResizeObserver loop completed with undelivered notifications.", source: https://twitter.com/settings/explore/location (0)
[14326:14326:0922/172215.327692:INFO:CONSOLE(0)] "ResizeObserver loop completed with undelivered notifications.", source: https://twitter.com/settings/explore/location (0)
[14326:14326:0922/172215.346122:INFO:CONSOLE(0)] "ResizeObserver loop completed with undelivered notifications.", source: https://twitter.com/settings/explore/location (0)
[14326:14326:0922/172215.359135:INFO:CONSOLE(0)] "ResizeObserver loop completed with undelivered notifications.", source: https://twitter.com/settings/explore/location (0)
[14326:14326:0922/172215.388807:INFO:CONSOLE(0)] "ResizeObserver loop completed with undelivered notifications.", source: https://twitter.com/settings/explore/location (0)
[14326:14326:0922/172215.411247:INFO:CONSOLE(0)] "ResizeObserver loop completed with undelivered notifications.", source: https://twitter.com/settings/explore/location (0)
[14326:14326:0922/172215.416938:INFO:CONSOLE(0)] "ResizeObserver loop completed with undelivered notifications.", source: https://twitter.com/settings/explore/location (0)
[14326:14326:0922/172215.430943:INFO:CONSOLE(0)] "ResizeObserver loop completed with undelivered notifications.", source: https://twitter.com/settings/explore/location (0)
[14326:14326:0922/172215.595200:INFO:CONSOLE(0)] "ResizeObserver loop completed with undelivered notifications.", source: https://twitter.com/settings/explore/location (0)
[14373:14386:0922/172216.018416:WARNING:spdy_session.cc(3264)] Received HEADERS for invalid stream 9
[14326:14326:0922/172216.827498:INFO:CONSOLE(0)] "ResizeObserver loop completed with undelivered notifications.", source: https://twitter.com/settings/explore/location (0)
[14326:14326:0922/172216.849286:INFO:CONSOLE(0)] "ResizeObserver loop completed with undelivered notifications.", source: https://twitter.com/settings/explore/location (0)
[14326:14326:0922/172216.867373:INFO:CONSOLE(0)] "ResizeObserver loop completed with undelivered notifications.", source: https://twitter.com/settings/explore/location (0)
[14326:14326:0922/172216.884957:INFO:CONSOLE(0)] "ResizeObserver loop completed with undelivered notifications.", source: https://twitter.com/settings/explore/location (0)
[14326:14326:0922/172216.903107:INFO:CONSOLE(0)] "ResizeObserver loop completed with undelivered notifications.", source: https://twitter.com/settings/explore/location (0)
[14326:14326:0922/172216.909703:INFO:CONSOLE(0)] "ResizeObserver loop completed with undelivered notifications.", source: https://twitter.com/settings/explore/location (0)
[14326:14326:0922/172216.926595:INFO:CONSOLE(0)] "ResizeObserver loop completed with undelivered notifications.", source: https://twitter.com/settings/explore/location (0)
[14326:14326:0922/172216.944993:INFO:CONSOLE(0)] "ResizeObserver loop completed with undelivered notifications.", source: https://twitter.com/settings/explore/location (0)
[14326:14326:0922/172216.959885:INFO:CONSOLE(0)] "ResizeObserver loop completed with undelivered notifications.", source: https://twitter.com/settings/explore/location (0)
[14326:14326:0922/172216.976359:INFO:CONSOLE(0)] "ResizeObserver loop completed with undelivered notifications.", source: https://twitter.com/settings/explore/location (0)
[14326:14326:0922/172216.994969:INFO:CONSOLE(0)] "ResizeObserver loop completed with undelivered notifications.", source: https://twitter.com/settings/explore/location (0)
[14326:14326:0922/172217.010008:INFO:CONSOLE(0)] "ResizeObserver loop completed with undelivered notifications.", source: https://twitter.com/settings/explore/location (0)
[14326:14326:0922/172217.026569:INFO:CONSOLE(0)] "ResizeObserver loop completed with undelivered notifications.", source: https://twitter.com/settings/explore/location (0)
[14326:14326:0922/172217.046196:INFO:CONSOLE(0)] "ResizeObserver loop completed with undelivered notifications.", source: https://twitter.com/settings/explore/location (0)
[14326:14326:0922/172217.059461:INFO:CONSOLE(0)] "ResizeObserver loop completed with undelivered notifications.", source: https://twitter.com/settings/explore/location (0)
[14326:14326:0922/172217.079209:INFO:CONSOLE(0)] "ResizeObserver loop completed with undelivered notifications.", source: https://twitter.com/settings/explore/location (0)
[14326:14326:0922/172217.093926:INFO:CONSOLE(0)] "ResizeObserver loop completed with undelivered notifications.", source: https://twitter.com/settings/explore/location (0)
[14326:14326:0922/172217.109438:INFO:CONSOLE(0)] "ResizeObserver loop completed with undelivered notifications.", source: https://twitter.com/settings/explore/location (0)
[14326:14326:0922/172217.138444:INFO:CONSOLE(0)] "ResizeObserver loop completed with undelivered notifications.", source: https://twitter.com/settings/explore/location (0)
[14326:14326:0922/172217.150218:INFO:CONSOLE(0)] "ResizeObserver loop completed with undelivered notifications.", source: https://twitter.com/settings/explore/location (0)
[14326:14326:0922/172217.163396:INFO:CONSOLE(0)] "ResizeObserver loop completed with undelivered notifications.", source: https://twitter.com/settings/explore/location (0)
[14326:14326:0922/172217.177265:INFO:CONSOLE(0)] "ResizeObserver loop completed with undelivered notifications.", source: https://twitter.com/settings/explore/location (0)
[14326:14326:0922/172217.193404:INFO:CONSOLE(0)] "ResizeObserver loop completed with undelivered notifications.", source: https://twitter.com/settings/explore/location (0)
[14326:14326:0922/172217.210050:INFO:CONSOLE(0)] "ResizeObserver loop completed with undelivered notifications.", source: https://twitter.com/settings/explore/location (0)
[14326:14326:0922/172217.227784:INFO:CONSOLE(0)] "ResizeObserver loop completed with undelivered notifications.", source: https://twitter.com/settings/explore/location (0)
[14326:14326:0922/172217.243282:INFO:CONSOLE(0)] "ResizeObserver loop completed with undelivered notifications.", source: https://twitter.com/settings/explore/location (0)
[14326:14326:0922/172217.260417:INFO:CONSOLE(0)] "ResizeObserver loop completed with undelivered notifications.", source: https://twitter.com/settings/explore/location (0)
[14326:14326:0922/172217.276511:INFO:CONSOLE(0)] "ResizeObserver loop completed with undelivered notifications.", source: https://twitter.com/settings/explore/location (0)
[14326:14326:0922/172217.294176:INFO:CONSOLE(0)] "ResizeObserver loop completed with undelivered notifications.", source: https://twitter.com/settings/explore/location (0)
[14326:14326:0922/172217.309735:INFO:CONSOLE(0)] "ResizeObserver loop completed with undelivered notifications.", source: https://twitter.com/settings/explore/location (0)
[14326:14326:0922/172221.962779:INFO:CONSOLE(0)] "ResizeObserver loop completed with undelivered notifications.", source: https://twitter.com/settings/explore/location (0)
[14326:14326:0922/172222.129244:INFO:CONSOLE(0)] "ResizeObserver loop completed with undelivered notifications.", source: https://twitter.com/settings/explore/location (0)
[14326:14326:0922/172222.175514:INFO:CONSOLE(0)] "ResizeObserver loop completed with undelivered notifications.", source: https://twitter.com/settings/explore/location (0)
[14326:14326:0922/172222.180602:INFO:CONSOLE(0)] "ResizeObserver loop completed with undelivered notifications.", source: https://twitter.com/settings/explore/location (0)
[14326:14326:0922/172222.195749:INFO:CONSOLE(0)] "ResizeObserver loop completed with undelivered notifications.", source: https://twitter.com/settings/explore/location (0)
[14326:14326:0922/172222.209629:INFO:CONSOLE(0)] "ResizeObserver loop completed with undelivered notifications.", source: https://twitter.com/settings/explore/location (0)
[14326:14326:0922/172222.224229:INFO:CONSOLE(0)] "ResizeObserver loop completed with undelivered notifications.", source: https://twitter.com/settings/explore/location (0)
[14326:14326:0922/172222.241865:INFO:CONSOLE(0)] "ResizeObserver loop completed with undelivered notifications.", source: https://twitter.com/settings/explore/location (0)
[14326:14326:0922/172222.259067:INFO:CONSOLE(0)] "ResizeObserver loop completed with undelivered notifications.", source: https://twitter.com/settings/explore/location (0)
[14326:14326:0922/172222.276621:INFO:CONSOLE(0)] "ResizeObserver loop completed with undelivered notifications.", source: https://twitter.com/settings/explore/location (0)
[14326:14326:0922/172222.311137:INFO:CONSOLE(0)] "ResizeObserver loop completed with undelivered notifications.", source: https://twitter.com/settings/explore/location (0)
[14326:14326:0922/172222.326959:INFO:CONSOLE(0)] "ResizeObserver loop completed with undelivered notifications.", source: https://twitter.com/settings/explore/location (0)
[14326:14326:0922/172222.346422:INFO:CONSOLE(0)] "ResizeObserver loop completed with undelivered notifications.", source: https://twitter.com/settings/explore/location (0)
[14326:14326:0922/172222.528140:INFO:CONSOLE(0)] "ResizeObserver loop completed with undelivered notifications.", source: https://twitter.com/settings/explore/location (0)
[14326:14326:0922/172222.548004:INFO:CONSOLE(0)] "ResizeObserver loop completed with undelivered notifications.", source: https://twitter.com/settings/explore/location (0)
[14326:14326:0922/172222.566701:INFO:CONSOLE(0)] "ResizeObserver loop completed with undelivered notifications.", source: https://twitter.com/settings/explore/location (0)
[14326:14326:0922/172222.585364:INFO:CONSOLE(0)] "ResizeObserver loop completed with undelivered notifications.", source: https://twitter.com/settings/explore/location (0)
[14326:14326:0922/172222.603229:INFO:CONSOLE(0)] "ResizeObserver loop completed with undelivered notifications.", source: https://twitter.com/settings/explore/location (0)
[14326:14326:0922/172222.623608:INFO:CONSOLE(0)] "ResizeObserver loop completed with undelivered notifications.", source: https://twitter.com/settings/explore/location (0)
[14326:14326:0922/172222.639971:INFO:CONSOLE(0)] "ResizeObserver loop completed with undelivered notifications.", source: https://twitter.com/settings/explore/location (0)
[14326:14326:0922/172222.654961:INFO:CONSOLE(0)] "ResizeObserver loop completed with undelivered notifications.", source: https://twitter.com/settings/explore/location (0)
[14326:14326:0922/172222.668960:INFO:CONSOLE(0)] "ResizeObserver loop completed with undelivered notifications.", source: https://twitter.com/settings/explore/location (0)
[14326:14326:0922/172222.684340:INFO:CONSOLE(0)] "ResizeObserver loop completed with undelivered notifications.", source: https://twitter.com/settings/explore/location (0)
[14326:14326:0922/172222.697700:INFO:CONSOLE(0)] "ResizeObserver loop completed with undelivered notifications.", source: https://twitter.com/settings/explore/location (0)
[14326:14326:0922/172222.716579:INFO:CONSOLE(0)] "ResizeObserver loop completed with undelivered notifications.", source: https://twitter.com/settings/explore/location (0)
[14326:14326:0922/172222.730261:INFO:CONSOLE(0)] "ResizeObserver loop completed with undelivered notifications.", source: https://twitter.com/settings/explore/location (0)
[14326:14326:0922/172222.968416:INFO:CONSOLE(0)] "ResizeObserver loop completed with undelivered notifications.", source: https://twitter.com/settings/explore/location (0)
[14326:14326:0922/172222.979297:INFO:CONSOLE(0)] "ResizeObserver loop completed with undelivered notifications.", source: https://twitter.com/settings/explore/location (0)
[14326:14326:0922/172222.996650:INFO:CONSOLE(0)] "ResizeObserver loop completed with undelivered notifications.", source: https://twitter.com/settings/explore/location (0)
[14326:14326:0922/172223.016479:INFO:CONSOLE(0)] "ResizeObserver loop completed with undelivered notifications.", source: https://twitter.com/settings/explore/location (0)
[14326:14326:0922/172223.031366:INFO:CONSOLE(0)] "ResizeObserver loop completed with undelivered notifications.", source: https://twitter.com/settings/explore/location (0)
[14326:14326:0922/172223.046326:INFO:CONSOLE(0)] "ResizeObserver loop completed with undelivered notifications.", source: https://twitter.com/settings/explore/location (0)
[14326:14326:0922/172223.062537:INFO:CONSOLE(0)] "ResizeObserver loop completed with undelivered notifications.", source: https://twitter.com/settings/explore/location (0)
[14326:14326:0922/172223.078092:INFO:CONSOLE(0)] "ResizeObserver loop completed with undelivered notifications.", source: https://twitter.com/settings/explore/location (0)
[14326:14326:0922/172223.093456:INFO:CONSOLE(0)] "ResizeObserver loop completed with undelivered notifications.", source: https://twitter.com/settings/explore/location (0)
[14326:14326:0922/172223.108726:INFO:CONSOLE(0)] "ResizeObserver loop completed with undelivered notifications.", source: https://twitter.com/settings/explore/location (0)
[14326:14326:0922/172223.127566:INFO:CONSOLE(0)] "ResizeObserver loop completed with undelivered notifications.", source: https://twitter.com/settings/explore/location (0)
[14326:14326:0922/172229.171744:WARNING:controller_impl.cc(1188)] Background download complete, client: 6, completion type: 0, file size:2746929
[15823:81:0922/172229.185372:WARNING:crashpad_client_linux.cc(364)] prctl: Invalid argument (22)
[14462:67:0922/172238.530848:INFO:peer_connection_dependency_factory.cc(629)] Running WebRTC with a combined Network and Worker thread.
[14326:14326:0922/172259.310389:WARNING:pref_notifier_impl.cc(41)] Pref observer for media_router.cast_allow_all_ips found at shutdown.
